2017 352  6  2    6.97   -6.02    3.06   -1.58   572.5   4.59
2017 352  6  3    6.79   -6.14    2.40   -1.53   574.4   4.53
2017 352  6  4    7.00   -6.30    2.51   -1.52   577.7   4.79
2017 352  6  5    6.89   -6.27    1.71   -1.94   579.6   5.24
2017 352  6  6    6.90   -4.57    4.57   -1.79   588.1   5.40
2017 352  6  7    6.85   -4.82    3.64   -2.26   582.6   5.03
2017 352  6  8    6.85   -4.33    3.59   -2.50   585.2   5.16
2017 352  6  9    6.85   -6.08    2.21   -1.20   588.6   5.36
2017 352  6 10    6.76   -5.49    2.28   -1.80   587.7   5.38
2017 352  6 11    6.81   -5.20    3.69   -0.89 99999.9 999.99
2017 352  6 12    6.77   -6.29    0.51   -2.16   573.9   4.40
2017 352  6 13    6.21   -3.56    4.75   -0.14   578.1   4.91
2017 352  6 14    7.29    1.61    4.20   -0.31   602.0   5.38
2017 352  6 15    7.25   -0.49    4.44   -0.30   609.3   5.26
2017 352  6 16    6.87   -3.38    2.92   -0.00   597.4   5.16
2017 352  6 17    7.41   -1.80    3.07   -0.61   582.6   4.94
2017 352  6 18    7.55   -0.90    3.86   -0.81   594.5   4.83
2017 352  6 19    7.02   -2.83    3.17   -0.30   593.6   4.94
2017 352  6 20    6.58   -2.91    2.96    0.17   582.8   4.76
2017 352  6 21    9.91    9.08    3.81   -0.96   592.3   4.88
2017 352  6 22    9.65    8.57    4.13   -1.49   636.6   4.76
2017 352  6 23    9.65    8.44    4.37   -1.55   634.6   4.72
2017 352  6 24    9.70    8.73    4.02   -1.21   638.5   4.73
2017 352  6 25    9.80    8.70    4.29   -1.10   635.2   4.30
2017 352  6 26    9.85    8.72    4.41   -1.07   636.6   4.64
2017 352  6 27    9.95    9.45    2.91   -0.89   641.9   4.67
2017 352  6 28   10.05    9.41    3.35   -0.88   641.8   4.42
2017 352  6 29   10.06    9.16    4.01   -1.00   639.7   4.72
2017 352  6 30   10.13    8.98    4.49   -1.30   634.5   4.43
2017 352  6 31   10.08    8.71    4.99   -0.95   633.4   4.40
2017 352  6 32   10.00    8.10    5.77   -0.98   629.6   4.65
2017 352  6 33    9.96    8.08    5.72   -0.95   634.7   5.29
2017 352  6 34    9.80    8.12    5.33   -1.24   640.4   5.88
2017 352  6 35    9.83    7.82    5.82   -1.11   642.0   6.01
2017 352  6 36    9.78    8.03    5.41   -1.23   639.7   5.93
2017 352  6 37    9.56    7.36    5.91   -0.97   630.5   5.82
2017 352  6 38    9.61    7.05    6.45   -0.53   630.3   5.87
2017 352  6 39    9.54    7.54    5.78   -0.65   630.1   5.90
2017 352  6 40    9.61    7.33    6.13   -0.80   629.3   6.00
2017 352  6 41    9.59    7.10    6.37   -0.92   629.0   6.05
2017 352  6 42    9.65    7.10    6.49   -0.73   623.5   5.71
2017 352  6 43    9.59    7.05    6.42   -0.95   622.3   5.73
2017 352  6 44    9.63    6.90    6.64   -0.88   622.4   5.63
2017 352  6 45    9.87    7.39    6.45   -0.93   624.8   5.61
2017 352  6 46    9.97    7.61    6.40   -0.66   627.5   5.40
2017 352  6 47    9.96    7.63    6.36   -0.52   626.1   4.80
2017 352  6 48    9.95    7.67    6.31   -0.55   625.9   4.77
2017 352  6 49    9.90    7.49    6.43   -0.82   623.9   5.37
2017 352  6 50    9.82    7.44    6.37   -0.58   622.7   5.41
2017 352  6 51    9.67    7.03    6.57   -0.82   619.2   5.54
2017 352  6 52    9.64    6.89    6.70   -0.58   616.6   5.45
2017 352  6 53    9.66    6.57    7.09   -0.09   615.8   5.42
2017 352  6 54    9.58    6.25    7.24    0.33   611.3   5.39
2017 352  6 55    9.59    6.16    7.32   -0.21   611.4   5.28
2017 352  6 56    9.58    6.26    7.23    0.38   612.5   5.20
2017 352  6 57    9.49    6.27    7.05    0.70   615.1   5.11
2017 352  6 58    9.29    5.15    7.68    0.40   610.0   5.23
2017 352  6 59    9.10    5.12    7.50    0.21   609.8   5.26
2017 352  7  0    8.92    4.69    7.40   -0.71   608.7   5.45
2017 352  7  1    8.63    4.11    7.43   -1.46   604.3   5.28
2017 352  7  2    8.73    4.21    7.31   -1.98   604.2   5.31
2017 352  7  3    7.35    3.51    5.86   -2.52   606.8   5.59
2017 352  7  4    7.76    4.24    6.19   -1.92   610.4   5.65
2017 352  7  5    7.88    4.05    6.65   -1.14   613.3   5.51
2017 352  7  6    7.50    4.55    5.93   -0.07   611.8   5.61
2017 352  7  7    7.68    5.07    5.72    0.52   612.5   5.62
2017 352  7  8    8.24    4.14    6.87   -0.20   604.9   5.29
2017 352  7  9    8.78    3.22    7.87   -1.83   599.9   5.10
2017 352  7 10    8.35    3.78    7.03   -2.20   601.2   5.08
2017 352  7 11    8.67    3.84    7.44   -2.09   604.5   5.01
2017 352  7 12    8.56    4.40    7.19   -1.38   606.8   5.00
2017 352  7 13    8.61    4.46    7.25   -1.12   607.0   5.10
2017 352  7 14    8.88    4.47    7.31   -2.22   607.6   5.09
2017 352  7 15    8.88    4.96    7.13   -1.64   608.6   5.11
2017 352  7 16    8.99    4.58    7.29   -2.50   609.0   5.09
2017 352  7 17    8.87    4.56    7.09   -2.64   608.1   5.07
2017 352  7 18    9.06    3.77    7.86   -2.27   602.1   4.97
2017 352  7 19    9.31    3.50    8.35   -1.99   597.3   4.88
2017 352  7 20    9.45    4.26    8.03   -2.47   600.3   4.76
2017 352  7 21    9.49    4.64    7.83   -2.67   604.0   4.55
2017 352  7 22    9.57    5.05    7.72   -2.46   604.8   4.49
2017 352  7 23    9.56    5.29    7.69   -1.93   605.0   4.54
2017 352  7 24    9.59    4.40    7.91   -3.11   605.0   4.60
2017 352  7 25    9.62    4.02    8.25   -2.76   593.8   4.54
2017 352  7 26    9.59    4.19    8.21   -2.54   595.1   4.55
2017 352  7 27    9.70    4.47    8.15   -2.76   596.3   4.53
2017 352  7 28    9.72    4.42    8.12   -2.95   595.6   4.53
2017 352  7 29    9.66    3.91    8.31   -2.96   593.5   4.55
2017 352  7 30    9.66    4.09    8.20   -2.96   592.1   4.56
2017 352  7 31    9.75    4.05    8.43   -2.78   591.2   4.44
2017 352  7 32    9.80    3.59    8.21   -3.84   589.3   4.45
2017 352  7 33    9.78    3.73    8.11   -3.99   589.9   4.43
2017 352  7 34    9.79    3.92    8.05   -3.93   591.1   4.46
2017 352  7 35    9.49    3.66    7.63   -4.24   590.9   4.71
2017 352  7 36    9.52    3.94    7.86   -3.63   590.8   4.43
2017 352  7 37    9.50    3.97    7.83   -3.61   591.0   4.57
2017 352  7 38    9.31    4.01    7.62   -3.41   595.2   4.86
2017 352  7 39    9.19    5.02    6.15   -4.45   599.7   4.83
2017 352  7 40    9.26    4.23    7.17   -3.68   597.1   4.88
2017 352  7 41    8.51    5.55    5.19   -3.81   592.5   4.95
2017 352  7 42    8.35    5.20    5.42   -3.63   605.5   5.25
2017 352  7 43    8.35    5.20    5.42   -3.63   607.7   5.32
2017 352  7 44    8.32    5.08    5.58   -3.50   607.7   5.32
2017 352  7 45    8.33    5.25    5.53   -3.32 99999.9 999.99
2017 352  7 46    8.40    5.24    5.75   -3.15 99999.9 999.99
2017 352  7 47    8.46    5.59    5.58   -3.00   609.1   5.35
2017 352  7 48    8.46    5.59    5.58   -3.00   609.1   5.35
2017 352  7 49    8.48    5.50    5.74   -2.92   609.1   5.35
2017 352  7 50    8.48    5.33    5.68   -3.34 99999.9 999.99
2017 352  7 51    8.60    6.06    5.15   -3.22 99999.9 999.99
2017 352  7 52    8.48    5.99    4.64   -3.63   615.1   5.54
2017 352  7 53    8.31    3.67    5.98   -3.41   614.4   5.53
2017 352  7 54    8.18    2.95    6.65   -2.27   605.3   5.33
2017 352  7 55    8.02    2.87    6.76   -2.02   604.0   5.22
2017 352  7 56    8.25    0.09    7.90   -2.23   593.1   5.09
2017 352  7 57    8.21   -0.30    7.92   -2.10   587.1   5.17
2017 352  7 58    8.27    0.07    7.96   -2.24   589.7   5.09
2017 352  7 59    8.34    0.82    7.76   -2.92   589.7   5.09
2017 352  8  0    8.40    0.97    7.79   -2.98   591.9   5.21
2017 352  8  1    8.35    0.98    7.69   -3.08   591.9   5.21
2017 352  8  2    8.38    1.64    7.70   -2.87   591.9   5.21
2017 352  8  3    8.24    1.75    7.53   -2.84   594.7   5.37
2017 352  8  4    8.30    1.73    7.66   -2.66   594.7   5.37
2017 352  8  5    8.41    1.60    7.75   -2.85   590.4   5.10
2017 352  8  6    8.47    1.75    7.77   -2.86   590.4   5.10
2017 352  8  7    8.64    2.53    7.63   -3.13   594.5   4.93
2017 352  8  8    8.67    3.12    7.38   -3.25   593.9   4.90
2017 352  8  9    8.73    2.22    7.78   -3.21   590.6   4.82
2017 352  8 10    8.71    2.51    7.68   -3.18   587.5   4.77
2017 352  8 11    8.60    2.11    7.88   -2.74   585.2   4.71
2017 352  8 12    8.16    0.82    7.83   -1.92   583.1   5.34
2017 352  8 13    8.61    4.82    4.48   -5.27   591.9   5.20
2017 352  8 14    8.52    4.84    4.31   -5.50   606.3   4.98
2017 352  8 15    8.61    4.47    5.21   -5.17   600.0   4.96
2017 352  8 16    8.59    3.96    5.65   -5.11   600.0   4.96
2017 352  8 17    8.33    3.44    5.65   -5.00   592.5   4.92
2017 352  8 18    8.28    3.29    5.74   -4.91   592.5   4.92
2017 352  8 19    8.29    3.04    6.08   -4.71   592.5   4.92
2017 352  8 20    8.35    3.31    5.68   -5.11   591.4   4.96
2017 352  8 21    8.47    3.28    5.81   -5.20   591.4   4.96
2017 352  8 22    8.56    3.19    5.80   -5.40   587.7   4.82
2017 352  8 23    8.40    2.88    5.98   -4.99   587.7   4.82
2017 352  8 24    8.09    2.19    5.81   -5.06 99999.9 999.99
2017 352  8 25    8.26    1.33    6.54   -4.71   593.3   5.37
2017 352  8 26    8.39    1.30    6.68   -4.88   588.1   5.17
2017 352  8 27    8.17   -0.59    7.16   -3.90   581.5   4.93
2017 352  8 28    8.27    0.52    6.93   -4.19   584.6   5.53
2017 352  8 29    8.22    0.56    6.86   -4.11   588.1   5.48
2017 352  8 30    8.26   -1.81    7.53   -2.83   586.0   5.63
2017 352  8 31    8.27   -0.68    6.97   -3.20   588.4   5.69
2017 352  8 32    7.91   -2.99    7.27    0.28   591.4   5.66
2017 352  8 33    8.06   -3.09    7.41   -0.48   592.8   5.67
2017 352  8 34    7.85   -3.63    6.58    1.33   586.3   5.19
2017 352  8 35    7.82   -3.10    6.94    1.23   578.8   4.91
2017 352  8 36    7.73   -3.70    6.62    1.53   575.8   4.81
2017 352  8 37    7.96   -3.96    6.74    1.47   572.5   4.63
2017 352  8 38    7.78   -3.91    6.46    1.86   572.6   4.63
2017 352  8 39    7.73   -3.91    6.55    1.24   572.6   4.72
2017 352  8 40    7.79   -3.77    6.73    0.99   574.6   4.66
2017 352  8 41    7.73   -3.73    6.70    0.81   575.4   4.84
2017 352  8 42    7.77   -4.12    6.35    1.70   572.5   4.70
2017 352  8 43    7.76   -3.77    6.46    2.01   573.5   4.64
2017 352  8 44    7.63   -3.75    6.29    2.11   574.2   4.65
2017 352  8 45    7.18   -3.00    6.16    1.78   575.3   4.56
2017 352  8 46    7.22   -2.03    6.87    0.81   576.4   4.67
2017 352  8 47    7.19   -2.49    6.61    1.27   577.2   4.75
2017 352  8 48    6.77   -2.63    5.95    1.77   578.1   4.83
2017 352  8 49    7.16   -3.02    6.25    1.63   575.7   4.73
2017 352  8 50    7.17   -2.96    6.24    1.84   575.4   4.67
2017 352  8 51    7.04   -3.22    5.84    2.24   577.6   4.68
2017 352  8 52    6.83   -3.38    5.15    2.81   576.3   4.71
2017 352  8 53    6.77   -2.56    4.57    1.01   582.4   4.91
2017 352  8 54    7.03    3.34    2.60   -5.01   592.2   5.17
2017 352  8 55    7.18    2.68    1.46   -6.47   601.8   5.14
2017 352  8 56    8.19   -0.21    5.96   -5.30   600.8   4.84
2017 352  8 57    8.89   -0.61    6.60   -5.91   598.2   4.05
2017 352  8 58    8.88   -0.73    6.58   -5.89   596.3   4.05
2017 352  8 59    8.82   -1.06    7.01   -5.21   595.0   3.98
2017 352  9  0    8.69    0.08    6.25   -5.95   597.2   3.97
2017 352  9  1    8.33    1.52    5.12   -6.38   597.9   4.32
2017 352  9  2    8.10    1.82    4.93   -5.99   601.1   4.52
2017 352  9  3    7.75    0.36    5.48   -5.42   604.5   4.65
2017 352  9  4    7.84   -1.34    6.39   -4.27   602.8   4.80
2017 352  9  5    7.97   -1.20    6.74   -4.01   594.2   4.99
2017 352  9  6    8.02   -0.83    6.59   -4.34   596.3   4.99
2017 352  9  7    7.80   -0.78    6.35   -4.37   595.2   5.03
2017 352  9  8    8.01   -1.00    6.71   -3.94   590.1   4.87
2017 352  9  9    8.07   -1.44    7.50   -2.57   587.7   4.62
2017 352  9 10    8.21   -2.06    7.35   -2.79   586.2   4.50
2017 352  9 11    8.11   -2.17    7.38   -2.55   589.4   4.58
2017 352  9 12    8.34   -1.81    7.69   -2.66   590.8   4.66
2017 352  9 13    8.36   -1.80    7.65   -2.81   586.0   4.19
2017 352  9 14    8.36   -2.45    7.68   -2.16   584.0   4.20
2017 352  9 15    8.29   -2.21    7.72   -2.01   583.0   4.31
2017 352  9 16    8.25   -1.92    7.71   -2.19   585.3   4.35
2017 352  9 17    8.37   -2.07    7.86   -2.02   584.1   4.37
2017 352  9 18    8.37   -2.36    7.67   -2.29   582.7   4.38
2017 352  9 19    8.49   -2.41    7.83   -2.17   581.6   4.33
2017 352  9 20    8.45   -3.21    7.50   -2.13   581.8   4.26
2017 352  9 21    8.46   -3.12    7.77   -1.16   582.7   4.30
2017 352  9 22    8.28   -2.98    7.62   -0.40   581.0   4.31
2017 352  9 23    8.27   -3.20    7.51   -1.19   578.1   4.30
2017 352  9 24    8.41   -3.15    7.60   -1.46   579.2   4.09
2017 352  9 25    8.43   -2.57    7.89   -1.38   582.0   4.11
2017 352  9 26    8.34   -2.84    7.75   -1.00   582.3   4.17
2017 352  9 27    8.06   -2.48    7.62    0.36   583.9   4.44
2017 352  9 28    7.93   -2.63    7.47    0.19   583.7   4.43
2017 352  9 29    7.83   -2.46    7.30    1.28   585.0   4.23
2017 352  9 30    7.58   -2.08    7.07    1.62   589.7   4.45
2017 352  9 31    7.58   -2.44    6.83    2.13   590.0   4.64
2017 352  9 32    7.47   -2.38    6.68    2.26   588.2   4.54
2017 352  9 33    7.53   -2.75    6.37    2.87   586.5   4.38
2017 352  9 34    7.43   -2.61    6.27    2.93   579.0   4.21
2017 352  9 35    7.48   -2.48    6.27    3.21   581.9   4.05
2017 352  9 36    7.20   -2.85    5.60    3.42   583.2   4.02
2017 352  9 37    6.19   -3.52    2.38    4.09   584.8   4.20
2017 352  9 38    5.64   -2.19    3.31    3.50   587.1   4.58
2017 352  9 39    5.13   -1.45    3.63    3.12   592.9   5.00
2017 352  9 40    5.35   -2.24    2.83    3.91   585.9   4.91
2017 352  9 41    5.17   -2.64    2.17    3.86   585.5   4.91
2017 352  9 42    5.07   -2.44    1.20    4.20   586.1   5.07
2017 352  9 43    5.34   -2.49    0.55    4.67   585.4   5.22
2017 352  9 44    5.28   -2.42    0.74    4.61   585.3   5.24
2017 352  9 45    5.19   -2.50    0.97    4.43   586.2   5.20
2017 352  9 46    5.24   -2.62    2.04    4.00   584.1   4.90
2017 352  9 47    5.18   -2.51    2.45    3.78   581.9   4.59
2017 352  9 48    5.18   -2.43    2.87    3.55   586.4   5.00
2017 352  9 49    5.14   -2.51    3.08    3.24   586.1   5.08
2017 352  9 50    5.22   -2.57    3.19    3.22   585.0   5.26
2017 352  9 51    5.10   -2.57    3.28    2.92   584.8   5.30
2017 352  9 52    4.28   -1.89    3.24    1.83   584.8   5.34
2017 352  9 53    2.82   -1.02    1.84    1.86   587.7   5.54
2017 352  9 54    3.11   -0.91    1.28    2.53   586.8   5.47
2017 352  9 55    4.09   -1.65    3.52    1.05   585.5   5.31
2017 352  9 56    4.44   -1.60    4.13    0.31   584.5   5.16
2017 352  9 57    4.62   -1.75    4.26    0.18   581.8   4.96
2017 352  9 58    4.93   -1.48    4.61   -0.50   581.9   4.94
2017 352  9 59    5.42   -0.87    5.13   -1.37   585.4   4.81
2017 352 10  0    5.70   -1.01    5.21   -1.80   585.3   4.77
2017 352 10  1    5.78   -1.33    5.18   -1.86   583.1   4.42
2017 352 10  2    6.11   -1.48    5.19   -2.65   582.3   4.40
2017 352 10  3    6.28   -1.53    5.35   -2.88   583.1   4.06
2017 352 10  4 9999.99 9999.99 9999.99 9999.99   582.7   4.12
2017 352 10  5 9999.99 9999.99 9999.99 9999.99   582.0   4.17
2017 352 10  6    6.04    0.01    5.44   -2.63 99999.9 999.99
2017 352 10  7    5.81    0.11    5.25   -2.47   582.4   4.16
2017 352 10  8    5.19    0.62    4.49   -2.48   585.1   4.18
2017 352 10  9    4.80   -0.32    4.41   -1.64   584.0   4.23
2017 352 10 10    4.25   -0.25    4.12   -0.62   584.6   4.28
2017 352 10 11    4.10   -0.52    3.91   -0.61   586.0   4.25
2017 352 10 12    3.81   -0.30    0.71   -3.12   588.6   4.58
2017 352 10 13    4.40   -0.47    0.66   -3.63   592.2   4.97
2017 352 10 14    5.35   -0.95   -2.46   -4.53   593.2   4.89
2017 352 10 15    5.25   -1.00   -3.49   -3.71   592.9   4.84
2017 352 10 16    5.09   -0.40   -2.76   -4.25   592.5   4.85
2017 352 10 17    5.30   -0.57   -2.13   -4.69   595.3   4.79
2017 352 10 18    5.34   -1.29   -1.22   -5.00   597.2   4.72
2017 352 10 19    5.39   -1.13   -0.88   -5.19   597.4   4.71
2017 352 10 20    5.45   -0.87   -1.41   -5.15   599.5   4.60
2017 352 10 21    5.53   -1.17   -2.06   -4.90   592.6   4.29
2017 352 10 22    5.46   -1.28   -2.19   -4.67   589.8   4.16
2017 352 10 23    5.80   -0.59   -3.96   -4.16   590.0   3.96
2017 352 10 24    5.53   -0.51   -3.29   -4.32   589.0   4.07
2017 352 10 25    5.56   -0.12   -4.02   -3.60   587.9   4.08
2017 352 10 26    5.44   -0.36   -4.44   -2.95   585.9   4.11
2017 352 10 27    5.45    0.52   -4.73   -2.59   587.9   4.11
2017 352 10 28    5.72    0.56   -4.20   -3.42   589.5   3.84
2017 352 10 29    5.56    0.05   -3.19   -4.51   589.3   3.83
2017 352 10 30    5.87   -0.08   -3.20   -4.91   589.7   3.84
2017 352 10 31    5.60   -0.24   -2.69   -4.89   587.6   3.97
2017 352 10 32    5.72   -0.39   -3.54   -4.43   588.1   3.94
2017 352 10 33    5.86   -0.37   -3.76   -4.45   588.6   3.91
2017 352 10 34    5.80    0.31   -3.91   -4.21   588.6   3.91
2017 352 10 35    5.99   -0.19   -5.18   -2.90   590.1   3.83
2017 352 10 36    5.81   -0.33   -5.16   -2.62   589.9   3.90
2017 352 10 37    5.73   -0.07   -5.02   -2.73   589.4   3.80
2017 352 10 38    5.46    0.14   -4.96   -2.22   589.6   3.75
2017 352 10 39    4.95    1.09   -4.75    0.11   592.0   4.12
2017 352 10 40    5.21    1.53   -4.90    0.75   593.4   4.21
2017 352 10 41    5.22    1.67   -4.90   -0.36   594.5   4.22
2017 352 10 42    4.84    1.39   -4.36   -1.38   593.9   3.99
2017 352 10 43    4.74    1.75   -4.37   -0.37   594.7   4.07
2017 352 10 44    5.01    1.27   -4.52   -1.34   593.3   3.81
2017 352 10 45    5.61    1.26   -4.60   -2.73   593.5   3.73
2017 352 10 46    5.44    0.46   -3.79   -3.84   597.9   3.98
2017 352 10 47    4.83    0.56   -2.85   -3.84   599.5   4.33
2017 352 10 48    4.43   -0.07   -2.13   -3.87   597.7   4.27
2017 352 10 49    4.09   -0.15   -1.44   -3.73   596.0   4.27
2017 352 10 50    4.19   -0.13   -1.45   -3.77   596.8   4.39
2017 352 10 51    3.41   -0.58    0.95   -3.08   593.9   3.93
2017 352 10 52    3.62   -0.47   -2.44   -2.12   600.5   4.35
2017 352 10 53    3.64   -1.28    2.00   -1.42   597.2   3.89
2017 352 10 54    3.54   -1.47    2.84   -0.99   599.9   3.76
2017 352 10 55    3.33   -1.13    3.10    0.23   602.4   3.64
2017 352 10 56    3.44   -0.92    3.28    0.16   608.5   3.66
2017 352 10 57    3.70   -0.51    3.54   -0.44   608.8   3.56
2017 352 10 58    3.33   -0.82    2.86    1.34   608.5   3.49
2017 352 10 59    3.02   -0.24    2.55    0.62   609.1   3.50
